Determining size of __int64 failed with the following output:
Change Dir: /home/ju/Projects/CLionProjects/INF3172/tp1/libs/jansson-2.12/build/CMakeFiles/CMakeTmp

Run Build Command:"/usr/bin/make" "cmTC_778df/fast"
/usr/bin/make -f CMakeFiles/cmTC_778df.dir/build.make CMakeFiles/cmTC_778df.dir/build
make[1]: Entering directory '/home/ju/Projects/CLionProjects/INF3172/tp1/libs/jansson-2.12/build/CMakeFiles/CMakeTmp'
Building C object CMakeFiles/cmTC_778df.dir/__INT64.c.o
/usr/bin/cc    -o CMakeFiles/cmTC_778df.dir/__INT64.c.o   -c /home/ju/Projects/CLionProjects/INF3172/tp1/libs/jansson-2.12/build/CMakeFiles/CheckTypeSize/__INT64.c
/home/ju/Projects/CLionProjects/INF3172/tp1/libs/jansson-2.12/build/CMakeFiles/CheckTypeSize/__INT64.c:23:22: error: ‘__int64’ undeclared here (not in a function); did you mean ‘__int64_t’?
 #define SIZE (sizeof(__int64))
                      ^
/home/ju/Projects/CLionProjects/INF3172/tp1/libs/jansson-2.12/build/CMakeFiles/CheckTypeSize/__INT64.c:25:12: note: in expansion of macro ‘SIZE’
   ('0' + ((SIZE / 10000)%10)),
            ^~~~
CMakeFiles/cmTC_778df.dir/build.make:65: recipe for target 'CMakeFiles/cmTC_778df.dir/__INT64.c.o' failed
make[1]: *** [CMakeFiles/cmTC_778df.dir/__INT64.c.o] Error 1
make[1]: Leaving directory '/home/ju/Projects/CLionProjects/INF3172/tp1/libs/jansson-2.12/build/CMakeFiles/CMakeTmp'
Makefile:126: recipe for target 'cmTC_778df/fast' failed
make: *** [cmTC_778df/fast] Error 2

/home/ju/Projects/CLionProjects/INF3172/tp1/libs/jansson-2.12/build/CMakeFiles/CheckTypeSize/__INT64.c:
#include <sys/types.h>
#include <stdint.h>
#include <stddef.h>


#undef KEY
#if defined(__i386)
# define KEY '_','_','i','3','8','6'
#elif defined(__x86_64)
# define KEY '_','_','x','8','6','_','6','4'
#elif defined(__ppc__)
# define KEY '_','_','p','p','c','_','_'
#elif defined(__ppc64__)
# define KEY '_','_','p','p','c','6','4','_','_'
#elif defined(__aarch64__)
# define KEY '_','_','a','a','r','c','h','6','4','_','_'
#elif defined(__ARM_ARCH_7A__)
# define KEY '_','_','A','R','M','_','A','R','C','H','_','7','A','_','_'
#elif defined(__ARM_ARCH_7S__)
# define KEY '_','_','A','R','M','_','A','R','C','H','_','7','S','_','_'
#endif

#define SIZE (sizeof(__int64))
char info_size[] =  {'I', 'N', 'F', 'O', ':', 's','i','z','e','[',
  ('0' + ((SIZE / 10000)%10)),
  ('0' + ((SIZE / 1000)%10)),
  ('0' + ((SIZE / 100)%10)),
  ('0' + ((SIZE / 10)%10)),
  ('0' +  (SIZE    % 10)),
  ']',
#ifdef KEY
  ' ','k','e','y','[', KEY, ']',
#endif
  '\0'};

#ifdef __CLASSIC_C__
int main(argc, argv) int argc; char *argv[];
#else
int main(int argc, char *argv[])
#endif
{
  int require = 0;
  require += info_size[argc];
  (void)argv;
  return require;
}


Determining size of __int32 failed with the following output:
Change Dir: /home/ju/Projects/CLionProjects/INF3172/tp1/libs/jansson-2.12/build/CMakeFiles/CMakeTmp

Run Build Command:"/usr/bin/make" "cmTC_bef1b/fast"
/usr/bin/make -f CMakeFiles/cmTC_bef1b.dir/build.make CMakeFiles/cmTC_bef1b.dir/build
make[1]: Entering directory '/home/ju/Projects/CLionProjects/INF3172/tp1/libs/jansson-2.12/build/CMakeFiles/CMakeTmp'
Building C object CMakeFiles/cmTC_bef1b.dir/__INT32.c.o
/usr/bin/cc    -o CMakeFiles/cmTC_bef1b.dir/__INT32.c.o   -c /home/ju/Projects/CLionProjects/INF3172/tp1/libs/jansson-2.12/build/CMakeFiles/CheckTypeSize/__INT32.c
/home/ju/Projects/CLionProjects/INF3172/tp1/libs/jansson-2.12/build/CMakeFiles/CheckTypeSize/__INT32.c:23:22: error: ‘__int32’ undeclared here (not in a function); did you mean ‘__int32_t’?
 #define SIZE (sizeof(__int32))
                      ^
/home/ju/Projects/CLionProjects/INF3172/tp1/libs/jansson-2.12/build/CMakeFiles/CheckTypeSize/__INT32.c:25:12: note: in expansion of macro ‘SIZE’
   ('0' + ((SIZE / 10000)%10)),
            ^~~~
CMakeFiles/cmTC_bef1b.dir/build.make:65: recipe for target 'CMakeFiles/cmTC_bef1b.dir/__INT32.c.o' failed
make[1]: *** [CMakeFiles/cmTC_bef1b.dir/__INT32.c.o] Error 1
make[1]: Leaving directory '/home/ju/Projects/CLionProjects/INF3172/tp1/libs/jansson-2.12/build/CMakeFiles/CMakeTmp'
Makefile:126: recipe for target 'cmTC_bef1b/fast' failed
make: *** [cmTC_bef1b/fast] Error 2

/home/ju/Projects/CLionProjects/INF3172/tp1/libs/jansson-2.12/build/CMakeFiles/CheckTypeSize/__INT32.c:
#include <sys/types.h>
#include <stdint.h>
#include <stddef.h>


#undef KEY
#if defined(__i386)
# define KEY '_','_','i','3','8','6'
#elif defined(__x86_64)
# define KEY '_','_','x','8','6','_','6','4'
#elif defined(__ppc__)
# define KEY '_','_','p','p','c','_','_'
#elif defined(__ppc64__)
# define KEY '_','_','p','p','c','6','4','_','_'
#elif defined(__aarch64__)
# define KEY '_','_','a','a','r','c','h','6','4','_','_'
#elif defined(__ARM_ARCH_7A__)
# define KEY '_','_','A','R','M','_','A','R','C','H','_','7','A','_','_'
#elif defined(__ARM_ARCH_7S__)
# define KEY '_','_','A','R','M','_','A','R','C','H','_','7','S','_','_'
#endif

#define SIZE (sizeof(__int32))
char info_size[] =  {'I', 'N', 'F', 'O', ':', 's','i','z','e','[',
  ('0' + ((SIZE / 10000)%10)),
  ('0' + ((SIZE / 1000)%10)),
  ('0' + ((SIZE / 100)%10)),
  ('0' + ((SIZE / 10)%10)),
  ('0' +  (SIZE    % 10)),
  ']',
#ifdef KEY
  ' ','k','e','y','[', KEY, ']',
#endif
  '\0'};

#ifdef __CLASSIC_C__
int main(argc, argv) int argc; char *argv[];
#else
int main(int argc, char *argv[])
#endif
{
  int require = 0;
  require += info_size[argc];
  (void)argv;
  return require;
}


Determining size of __uint32 failed with the following output:
Change Dir: /home/ju/Projects/CLionProjects/INF3172/tp1/libs/jansson-2.12/build/CMakeFiles/CMakeTmp

Run Build Command:"/usr/bin/make" "cmTC_e3e7b/fast"
/usr/bin/make -f CMakeFiles/cmTC_e3e7b.dir/build.make CMakeFiles/cmTC_e3e7b.dir/build
make[1]: Entering directory '/home/ju/Projects/CLionProjects/INF3172/tp1/libs/jansson-2.12/build/CMakeFiles/CMakeTmp'
Building C object CMakeFiles/cmTC_e3e7b.dir/__UINT32.c.o
/usr/bin/cc    -o CMakeFiles/cmTC_e3e7b.dir/__UINT32.c.o   -c /home/ju/Projects/CLionProjects/INF3172/tp1/libs/jansson-2.12/build/CMakeFiles/CheckTypeSize/__UINT32.c
/home/ju/Projects/CLionProjects/INF3172/tp1/libs/jansson-2.12/build/CMakeFiles/CheckTypeSize/__UINT32.c:23:22: error: ‘__uint32’ undeclared here (not in a function); did you mean ‘__uint32_t’?
 #define SIZE (sizeof(__uint32))
                      ^
/home/ju/Projects/CLionProjects/INF3172/tp1/libs/jansson-2.12/build/CMakeFiles/CheckTypeSize/__UINT32.c:25:12: note: in expansion of macro ‘SIZE’
   ('0' + ((SIZE / 10000)%10)),
            ^~~~
CMakeFiles/cmTC_e3e7b.dir/build.make:65: recipe for target 'CMakeFiles/cmTC_e3e7b.dir/__UINT32.c.o' failed
make[1]: *** [CMakeFiles/cmTC_e3e7b.dir/__UINT32.c.o] Error 1
make[1]: Leaving directory '/home/ju/Projects/CLionProjects/INF3172/tp1/libs/jansson-2.12/build/CMakeFiles/CMakeTmp'
Makefile:126: recipe for target 'cmTC_e3e7b/fast' failed
make: *** [cmTC_e3e7b/fast] Error 2

/home/ju/Projects/CLionProjects/INF3172/tp1/libs/jansson-2.12/build/CMakeFiles/CheckTypeSize/__UINT32.c:
#include <sys/types.h>
#include <stdint.h>
#include <stddef.h>


#undef KEY
#if defined(__i386)
# define KEY '_','_','i','3','8','6'
#elif defined(__x86_64)
# define KEY '_','_','x','8','6','_','6','4'
#elif defined(__ppc__)
# define KEY '_','_','p','p','c','_','_'
#elif defined(__ppc64__)
# define KEY '_','_','p','p','c','6','4','_','_'
#elif defined(__aarch64__)
# define KEY '_','_','a','a','r','c','h','6','4','_','_'
#elif defined(__ARM_ARCH_7A__)
# define KEY '_','_','A','R','M','_','A','R','C','H','_','7','A','_','_'
#elif defined(__ARM_ARCH_7S__)
# define KEY '_','_','A','R','M','_','A','R','C','H','_','7','S','_','_'
#endif

#define SIZE (sizeof(__uint32))
char info_size[] =  {'I', 'N', 'F', 'O', ':', 's','i','z','e','[',
  ('0' + ((SIZE / 10000)%10)),
  ('0' + ((SIZE / 1000)%10)),
  ('0' + ((SIZE / 100)%10)),
  ('0' + ((SIZE / 10)%10)),
  ('0' +  (SIZE    % 10)),
  ']',
#ifdef KEY
  ' ','k','e','y','[', KEY, ']',
#endif
  '\0'};

#ifdef __CLASSIC_C__
int main(argc, argv) int argc; char *argv[];
#else
int main(int argc, char *argv[])
#endif
{
  int require = 0;
  require += info_size[argc];
  (void)argv;
  return require;
}


Determining size of __uint16 failed with the following output:
Change Dir: /home/ju/Projects/CLionProjects/INF3172/tp1/libs/jansson-2.12/build/CMakeFiles/CMakeTmp

Run Build Command:"/usr/bin/make" "cmTC_9fcf1/fast"
/usr/bin/make -f CMakeFiles/cmTC_9fcf1.dir/build.make CMakeFiles/cmTC_9fcf1.dir/build
make[1]: Entering directory '/home/ju/Projects/CLionProjects/INF3172/tp1/libs/jansson-2.12/build/CMakeFiles/CMakeTmp'
Building C object CMakeFiles/cmTC_9fcf1.dir/__UINT16.c.o
/usr/bin/cc    -o CMakeFiles/cmTC_9fcf1.dir/__UINT16.c.o   -c /home/ju/Projects/CLionProjects/INF3172/tp1/libs/jansson-2.12/build/CMakeFiles/CheckTypeSize/__UINT16.c
/home/ju/Projects/CLionProjects/INF3172/tp1/libs/jansson-2.12/build/CMakeFiles/CheckTypeSize/__UINT16.c:23:22: error: ‘__uint16’ undeclared here (not in a function); did you mean ‘__uint16_t’?
 #define SIZE (sizeof(__uint16))
                      ^
/home/ju/Projects/CLionProjects/INF3172/tp1/libs/jansson-2.12/build/CMakeFiles/CheckTypeSize/__UINT16.c:25:12: note: in expansion of macro ‘SIZE’
   ('0' + ((SIZE / 10000)%10)),
            ^~~~
CMakeFiles/cmTC_9fcf1.dir/build.make:65: recipe for target 'CMakeFiles/cmTC_9fcf1.dir/__UINT16.c.o' failed
make[1]: *** [CMakeFiles/cmTC_9fcf1.dir/__UINT16.c.o] Error 1
make[1]: Leaving directory '/home/ju/Projects/CLionProjects/INF3172/tp1/libs/jansson-2.12/build/CMakeFiles/CMakeTmp'
Makefile:126: recipe for target 'cmTC_9fcf1/fast' failed
make: *** [cmTC_9fcf1/fast] Error 2

/home/ju/Projects/CLionProjects/INF3172/tp1/libs/jansson-2.12/build/CMakeFiles/CheckTypeSize/__UINT16.c:
#include <sys/types.h>
#include <stdint.h>
#include <stddef.h>


#undef KEY
#if defined(__i386)
# define KEY '_','_','i','3','8','6'
#elif defined(__x86_64)
# define KEY '_','_','x','8','6','_','6','4'
#elif defined(__ppc__)
# define KEY '_','_','p','p','c','_','_'
#elif defined(__ppc64__)
# define KEY '_','_','p','p','c','6','4','_','_'
#elif defined(__aarch64__)
# define KEY '_','_','a','a','r','c','h','6','4','_','_'
#elif defined(__ARM_ARCH_7A__)
# define KEY '_','_','A','R','M','_','A','R','C','H','_','7','A','_','_'
#elif defined(__ARM_ARCH_7S__)
# define KEY '_','_','A','R','M','_','A','R','C','H','_','7','S','_','_'
#endif

#define SIZE (sizeof(__uint16))
char info_size[] =  {'I', 'N', 'F', 'O', ':', 's','i','z','e','[',
  ('0' + ((SIZE / 10000)%10)),
  ('0' + ((SIZE / 1000)%10)),
  ('0' + ((SIZE / 100)%10)),
  ('0' + ((SIZE / 10)%10)),
  ('0' +  (SIZE    % 10)),
  ']',
#ifdef KEY
  ' ','k','e','y','[', KEY, ']',
#endif
  '\0'};

#ifdef __CLASSIC_C__
int main(argc, argv) int argc; char *argv[];
#else
int main(int argc, char *argv[])
#endif
{
  int require = 0;
  require += info_size[argc];
  (void)argv;
  return require;
}


Determining size of __uint8 failed with the following output:
Change Dir: /home/ju/Projects/CLionProjects/INF3172/tp1/libs/jansson-2.12/build/CMakeFiles/CMakeTmp

Run Build Command:"/usr/bin/make" "cmTC_53ea8/fast"
/usr/bin/make -f CMakeFiles/cmTC_53ea8.dir/build.make CMakeFiles/cmTC_53ea8.dir/build
make[1]: Entering directory '/home/ju/Projects/CLionProjects/INF3172/tp1/libs/jansson-2.12/build/CMakeFiles/CMakeTmp'
Building C object CMakeFiles/cmTC_53ea8.dir/__UINT8.c.o
/usr/bin/cc    -o CMakeFiles/cmTC_53ea8.dir/__UINT8.c.o   -c /home/ju/Projects/CLionProjects/INF3172/tp1/libs/jansson-2.12/build/CMakeFiles/CheckTypeSize/__UINT8.c
/home/ju/Projects/CLionProjects/INF3172/tp1/libs/jansson-2.12/build/CMakeFiles/CheckTypeSize/__UINT8.c:23:22: error: ‘__uint8’ undeclared here (not in a function); did you mean ‘__uint8_t’?
 #define SIZE (sizeof(__uint8))
                      ^
/home/ju/Projects/CLionProjects/INF3172/tp1/libs/jansson-2.12/build/CMakeFiles/CheckTypeSize/__UINT8.c:25:12: note: in expansion of macro ‘SIZE’
   ('0' + ((SIZE / 10000)%10)),
            ^~~~
CMakeFiles/cmTC_53ea8.dir/build.make:65: recipe for target 'CMakeFiles/cmTC_53ea8.dir/__UINT8.c.o' failed
make[1]: *** [CMakeFiles/cmTC_53ea8.dir/__UINT8.c.o] Error 1
make[1]: Leaving directory '/home/ju/Projects/CLionProjects/INF3172/tp1/libs/jansson-2.12/build/CMakeFiles/CMakeTmp'
Makefile:126: recipe for target 'cmTC_53ea8/fast' failed
make: *** [cmTC_53ea8/fast] Error 2

/home/ju/Projects/CLionProjects/INF3172/tp1/libs/jansson-2.12/build/CMakeFiles/CheckTypeSize/__UINT8.c:
#include <sys/types.h>
#include <stdint.h>
#include <stddef.h>


#undef KEY
#if defined(__i386)
# define KEY '_','_','i','3','8','6'
#elif defined(__x86_64)
# define KEY '_','_','x','8','6','_','6','4'
#elif defined(__ppc__)
# define KEY '_','_','p','p','c','_','_'
#elif defined(__ppc64__)
# define KEY '_','_','p','p','c','6','4','_','_'
#elif defined(__aarch64__)
# define KEY '_','_','a','a','r','c','h','6','4','_','_'
#elif defined(__ARM_ARCH_7A__)
# define KEY '_','_','A','R','M','_','A','R','C','H','_','7','A','_','_'
#elif defined(__ARM_ARCH_7S__)
# define KEY '_','_','A','R','M','_','A','R','C','H','_','7','S','_','_'
#endif

#define SIZE (sizeof(__uint8))
char info_size[] =  {'I', 'N', 'F', 'O', ':', 's','i','z','e','[',
  ('0' + ((SIZE / 10000)%10)),
  ('0' + ((SIZE / 1000)%10)),
  ('0' + ((SIZE / 100)%10)),
  ('0' + ((SIZE / 10)%10)),
  ('0' +  (SIZE    % 10)),
  ']',
#ifdef KEY
  ' ','k','e','y','[', KEY, ']',
#endif
  '\0'};

#ifdef __CLASSIC_C__
int main(argc, argv) int argc; char *argv[];
#else
int main(int argc, char *argv[])
#endif
{
  int require = 0;
  require += info_size[argc];
  (void)argv;
  return require;
}


Determining size of SSIZE_T failed with the following output:
Change Dir: /home/ju/Projects/CLionProjects/INF3172/tp1/libs/jansson-2.12/build/CMakeFiles/CMakeTmp

Run Build Command:"/usr/bin/make" "cmTC_295c8/fast"
/usr/bin/make -f CMakeFiles/cmTC_295c8.dir/build.make CMakeFiles/cmTC_295c8.dir/build
make[1]: Entering directory '/home/ju/Projects/CLionProjects/INF3172/tp1/libs/jansson-2.12/build/CMakeFiles/CMakeTmp'
Building C object CMakeFiles/cmTC_295c8.dir/UPPERCASE_SSIZE_T.c.o
/usr/bin/cc    -o CMakeFiles/cmTC_295c8.dir/UPPERCASE_SSIZE_T.c.o   -c /home/ju/Projects/CLionProjects/INF3172/tp1/libs/jansson-2.12/build/CMakeFiles/CheckTypeSize/UPPERCASE_SSIZE_T.c
/home/ju/Projects/CLionProjects/INF3172/tp1/libs/jansson-2.12/build/CMakeFiles/CheckTypeSize/UPPERCASE_SSIZE_T.c:23:22: error: ‘SSIZE_T’ undeclared here (not in a function); did you mean ‘_SIZE_T’?
 #define SIZE (sizeof(SSIZE_T))
                      ^
/home/ju/Projects/CLionProjects/INF3172/tp1/libs/jansson-2.12/build/CMakeFiles/CheckTypeSize/UPPERCASE_SSIZE_T.c:25:12: note: in expansion of macro ‘SIZE’
   ('0' + ((SIZE / 10000)%10)),
            ^~~~
CMakeFiles/cmTC_295c8.dir/build.make:65: recipe for target 'CMakeFiles/cmTC_295c8.dir/UPPERCASE_SSIZE_T.c.o' failed
make[1]: *** [CMakeFiles/cmTC_295c8.dir/UPPERCASE_SSIZE_T.c.o] Error 1
make[1]: Leaving directory '/home/ju/Projects/CLionProjects/INF3172/tp1/libs/jansson-2.12/build/CMakeFiles/CMakeTmp'
Makefile:126: recipe for target 'cmTC_295c8/fast' failed
make: *** [cmTC_295c8/fast] Error 2

/home/ju/Projects/CLionProjects/INF3172/tp1/libs/jansson-2.12/build/CMakeFiles/CheckTypeSize/UPPERCASE_SSIZE_T.c:
#include <sys/types.h>
#include <stdint.h>
#include <stddef.h>


#undef KEY
#if defined(__i386)
# define KEY '_','_','i','3','8','6'
#elif defined(__x86_64)
# define KEY '_','_','x','8','6','_','6','4'
#elif defined(__ppc__)
# define KEY '_','_','p','p','c','_','_'
#elif defined(__ppc64__)
# define KEY '_','_','p','p','c','6','4','_','_'
#elif defined(__aarch64__)
# define KEY '_','_','a','a','r','c','h','6','4','_','_'
#elif defined(__ARM_ARCH_7A__)
# define KEY '_','_','A','R','M','_','A','R','C','H','_','7','A','_','_'
#elif defined(__ARM_ARCH_7S__)
# define KEY '_','_','A','R','M','_','A','R','C','H','_','7','S','_','_'
#endif

#define SIZE (sizeof(SSIZE_T))
char info_size[] =  {'I', 'N', 'F', 'O', ':', 's','i','z','e','[',
  ('0' + ((SIZE / 10000)%10)),
  ('0' + ((SIZE / 1000)%10)),
  ('0' + ((SIZE / 100)%10)),
  ('0' + ((SIZE / 10)%10)),
  ('0' +  (SIZE    % 10)),
  ']',
#ifdef KEY
  ' ','k','e','y','[', KEY, ']',
#endif
  '\0'};

#ifdef __CLASSIC_C__
int main(argc, argv) int argc; char *argv[];
#else
int main(int argc, char *argv[])
#endif
{
  int require = 0;
  require += info_size[argc];
  (void)argv;
  return require;
}


Determining if the function _strtoi64 exists failed with the following output:
Change Dir: /home/ju/Projects/CLionProjects/INF3172/tp1/libs/jansson-2.12/build/CMakeFiles/CMakeTmp

Run Build Command:"/usr/bin/make" "cmTC_8c7a4/fast"
/usr/bin/make -f CMakeFiles/cmTC_8c7a4.dir/build.make CMakeFiles/cmTC_8c7a4.dir/build
make[1]: Entering directory '/home/ju/Projects/CLionProjects/INF3172/tp1/libs/jansson-2.12/build/CMakeFiles/CMakeTmp'
Building C object CMakeFiles/cmTC_8c7a4.dir/CheckFunctionExists.c.o
/usr/bin/cc   -DCHECK_FUNCTION_EXISTS=_strtoi64   -o CMakeFiles/cmTC_8c7a4.dir/CheckFunctionExists.c.o   -c /usr/share/cmake-3.10/Modules/CheckFunctionExists.c
Linking C executable cmTC_8c7a4
/usr/bin/cmake -E cmake_link_script CMakeFiles/cmTC_8c7a4.dir/link.txt --verbose=1
/usr/bin/cc  -DCHECK_FUNCTION_EXISTS=_strtoi64    -rdynamic CMakeFiles/cmTC_8c7a4.dir/CheckFunctionExists.c.o  -o cmTC_8c7a4 
CMakeFiles/cmTC_8c7a4.dir/CheckFunctionExists.c.o: In function `main':
CheckFunctionExists.c:(.text+0x10): undefined reference to `_strtoi64'
collect2: error: ld returned 1 exit status
CMakeFiles/cmTC_8c7a4.dir/build.make:97: recipe for target 'cmTC_8c7a4' failed
make[1]: *** [cmTC_8c7a4] Error 1
make[1]: Leaving directory '/home/ju/Projects/CLionProjects/INF3172/tp1/libs/jansson-2.12/build/CMakeFiles/CMakeTmp'
Makefile:126: recipe for target 'cmTC_8c7a4/fast' failed
make: *** [cmTC_8c7a4/fast] Error 2


